#
# A fatal error has been detected by the Java Runtime Environment:
#
#  EXCEPTION_ACCESS_VIOLATION (0xc0000005) at pc=0x00007ffba655aea4, pid=12052, tid=9320
#
# JRE version: Java(TM) SE Runtime Environment (8.0_91-b14) (build 1.8.0_91-b14)
# Java VM: Java HotSpot(TM) 64-Bit Server VM (25.91-b14 mixed mode windows-amd64 compressed oops)
# Problematic frame:
# C  [opengl32.dll+0xeaea4]
#
# Failed to write core dump. Minidumps are not enabled by default on client versions of Windows
#
# If you would like to submit a bug report, please visit:
#   http://bugreport.java.com/bugreport/crash.jsp
#

---------------  T H R E A D  ---------------

Current thread (0x000000001be59000):  VMThread [stack: 0x000000001db40000,0x000000001dc40000] [id=9320]

siginfo: ExceptionCode=0xc0000005, reading address 0x0000000000000a38

Registers:
RAX=0x0000000000000000, RBX=0x0000000026b20690, RCX=0x0000000000000001, RDX=0x0000000026b20698
RSP=0x000000001dc3ed18, RBP=0x0000000000000000, RSI=0x0000000026b22b70, RDI=0x0000000026b22b70
R8 =0x000000001dc3ed98, R9 =0x0000000002386700, R10=0x0000000000000000, R11=0x0000000000000286
R12=0x0000000000000000, R13=0x0000000026a16b18, R14=0x0000000026a169d0, R15=0x0000000000000000
RIP=0x00007ffba655aea4, EFLAGS=0x0000000000010283

Top of Stack: (sp=0x000000001dc3ed18)
0x000000001dc3ed18:   00007ffba62a202b 0000000000000000
0x000000001dc3ed28:   0000000000000002 0000000000000032
0x000000001dc3ed38:   000000001be59c20 0000000000000000
0x000000001dc3ed48:   00007ffba62a76c7 0000000000000030
0x000000001dc3ed58:   0000000002141628 0000000026a16b00
0x000000001dc3ed68:   00007ffba62a6a33 fffffffffffffffe
0x000000001dc3ed78:   000000001dc3ede0 0000000000000000
0x000000001dc3ed88:   00007ffba62a7f79 0000000026b22b70
0x000000001dc3ed98:   0000000026b24250 00007ffba6385410
0x000000001dc3eda8:   00007ffba6316e30 fffffffffffffffe
0x000000001dc3edb8:   0000000026a19020 0000000000000001
0x000000001dc3edc8:   0000000026a16af8 0000000026a169d0
0x000000001dc3edd8:   00007ffba631ef4d 00007ffba644c800
0x000000001dc3ede8:   00007ffba6385400 0000000002386700
0x000000001dc3edf8:   0000000000000002 0000000026a16af8
0x000000001dc3ee08:   0000000026a169d0 0000000026a169d0 

Instructions: (pc=0x00007ffba655aea4)
0x00007ffba655ae84:   cc cc cc cc cc cc 66 0f 1f 44 00 00 8b 05 72 f1
0x00007ffba655ae94:   00 00 83 f8 40 73 0f 65 48 8b 04 c5 80 14 00 00
0x00007ffba655aea4:   ff a0 38 0a 00 00 b8 47 01 00 00 e9 ec d4 ff ff
0x00007ffba655aeb4:   cc cc cc cc cc cc 66 0f 1f 44 00 00 8b 05 42 f1 


Register to memory mapping:

RAX=0x0000000000000000 is an unknown value
RBX=0x0000000026b20690 is an unknown value
RCX=0x0000000000000001 is an unknown value
RDX=0x0000000026b20698 is an unknown value
RSP=0x000000001dc3ed18 is an unknown value
RBP=0x0000000000000000 is an unknown value
RSI=0x0000000026b22b70 is an unknown value
RDI=0x0000000026b22b70 is an unknown value
R8 =0x000000001dc3ed98 is an unknown value
R9 =0x0000000002386700 is an unknown value
R10=0x0000000000000000 is an unknown value
R11=0x0000000000000286 is an unknown value
R12=0x0000000000000000 is an unknown value
R13=0x0000000026a16b18 is an unknown value
R14=0x0000000026a169d0 is an unknown value
R15=0x0000000000000000 is an unknown value


Stack: [0x000000001db40000,0x000000001dc40000],  sp=0x000000001dc3ed18,  free space=1019k
Native frames: (J=compiled Java code, j=interpreted, Vv=VM code, C=native code)

VM_Operation (0x00000000022df170): Exit, mode: safepoint, requested by thread 0x00000000022e0800


---------------  P R O C E S S  ---------------

Java Threads: ( => current thread )
  0x000000001de06000 JavaThread "Service Thread" daemon [_thread_blocked, id=11640, stack(0x000000001e950000,0x000000001ea50000)]
  0x000000001dd80800 JavaThread "C1 CompilerThread3" daemon [_thread_blocked, id=3004, stack(0x000000001e850000,0x000000001e950000)]
  0x000000001dd7c800 JavaThread "C2 CompilerThread2" daemon [_thread_blocked, id=11536, stack(0x000000001e750000,0x000000001e850000)]
  0x000000001dd76000 JavaThread "C2 CompilerThread1" daemon [_thread_blocked, id=11296, stack(0x000000001e650000,0x000000001e750000)]
  0x000000001dd6a000 JavaThread "C2 CompilerThread0" daemon [_thread_blocked, id=11132, stack(0x000000001e550000,0x000000001e650000)]
  0x000000001dd68000 JavaThread "Attach Listener" daemon [_thread_blocked, id=11740, stack(0x000000001e450000,0x000000001e550000)]
  0x000000001dd67000 JavaThread "Signal Dispatcher" daemon [_thread_blocked, id=4068, stack(0x000000001e350000,0x000000001e450000)]
  0x00000000023de000 JavaThread "Finalizer" daemon [_thread_blocked, id=3356, stack(0x000000001e140000,0x000000001e240000)]
  0x00000000023d4000 JavaThread "Reference Handler" daemon [_thread_blocked, id=8708, stack(0x000000001dc40000,0x000000001dd40000)]
  0x00000000022e0800 JavaThread "main" [_thread_blocked, id=10044, stack(0x00000000021e0000,0x00000000022e0000)]

Other Threads:
=>0x000000001be59000 VMThread [stack: 0x000000001db40000,0x000000001dc40000] [id=9320]

VM state:at safepoint (shutting down)

VM Mutex/Monitor currently owned by a thread:  ([mutex/lock_event])
[0x000000000214ba30] Threads_lock - owner thread: 0x000000001be59000

Heap:
 PSYoungGen      total 76288K, used 14429K [0x000000076b000000, 0x0000000770500000, 0x00000007c0000000)
  eden space 65536K, 22% used [0x000000076b000000,0x000000076be17568,0x000000076f000000)
  from space 10752K, 0% used [0x000000076fa80000,0x000000076fa80000,0x0000000770500000)
  to   space 10752K, 0% used [0x000000076f000000,0x000000076f000000,0x000000076fa80000)
 ParOldGen       total 175104K, used 0K [0x00000006c1000000, 0x00000006cbb00000, 0x000000076b000000)
  object space 175104K, 0% used [0x00000006c1000000,0x00000006c1000000,0x00000006cbb00000)
 Metaspace       used 7551K, capacity 8460K, committed 8576K, reserved 1056768K
  class space    used 600K, capacity 628K, committed 640K, reserved 1048576K

Card table byte_map: [0x00000000117a0000,0x0000000011fa0000] byte_map_base: 0x000000000e198000

Marking Bits: (ParMarkBitMap*) 0x0000000073cd2f70
 Begin Bits: [0x0000000012cf0000, 0x0000000016cb0000)
 End Bits:   [0x0000000016cb0000, 0x000000001ac70000)

Polling page: 0x00000000020d0000

CodeCache: size=245760Kb used=2186Kb max_used=2195Kb free=243573Kb
 bounds [0x00000000023e0000, 0x0000000002650000, 0x00000000113e0000]
 total_blobs=1023 nmethods=365 adapters=571
 compilation: enabled

Compilation events (10 events):
Event: 16.410 Thread 0x000000001dd80800 nmethod 361 0x00000000025f9590 code [0x00000000025f9700, 0x00000000025f9888]
Event: 16.410 Thread 0x000000001dd80800  362       3       java.lang.AbstractStringBuilder::append (70 bytes)
Event: 16.411 Thread 0x000000001dd80800 nmethod 362 0x00000000026028d0 code [0x0000000002602a80, 0x0000000002602f88]
Event: 16.417 Thread 0x000000001dd6a000 nmethod 359 0x0000000002606050 code [0x00000000026061a0, 0x00000000026064b8]
Event: 17.410 Thread 0x000000001dd80800  363       3       java.nio.Buffer::hasRemaining (17 bytes)
Event: 17.410 Thread 0x000000001dd80800 nmethod 363 0x00000000025f91d0 code [0x00000000025f9320, 0x00000000025f94d0]
Event: 18.410 Thread 0x000000001dd80800  364       3       java.nio.CharBuffer::hasArray (20 bytes)
Event: 18.411 Thread 0x000000001dd80800 nmethod 364 0x0000000002605c90 code [0x0000000002605de0, 0x0000000002605fd0]
Event: 18.411 Thread 0x000000001dd80800  365       3       java.nio.ByteBuffer::hasArray (20 bytes)
Event: 18.411 Thread 0x000000001dd80800 nmethod 365 0x00000000026058d0 code [0x0000000002605a20, 0x0000000002605c10]

GC Heap History (0 events):
No events

Deoptimization events (0 events):
No events

Internal exceptions (6 events):
Event: 0.020 Thread 0x00000000022e0800 Exception <a 'java/lang/NoSuchMethodError': Method sun.misc.Unsafe.defineClass(Ljava/lang/String;[BII)Ljava/lang/Class; name or signature does not match> (0x000000076b007cc0) thrown at [C:\re\workspace\8-2-build-windows-amd64-cygwin\jdk8u91\6644\hotspot\srÍÞs/Ê”?
Event: 0.020 Thread 0x00000000022e0800 Exception <a 'java/lang/NoSuchMethodError': Method sun.misc.Unsafe.prefetchRead(Ljava/lang/Object;J)V name or signature does not match> (0x000000076b007fa8) thrown at [C:\re\workspace\8-2-build-windows-amd64-cygwin\jdk8u91\6644\hotspot\src\share\vm\prims\jà±qŠ
™¯?
Event: 0.062 Thread 0x00000000022e0800 Exception <a 'java/security/PrivilegedActionException'> (0x000000076b0b5810) thrown at [C:\re\workspace\8-2-build-windows-amd64-cygwin\jdk8u91\6644\hotspot\src\share\vm\prims\jvm.cpp, line 1386]
Event: 0.062 Thread 0x00000000022e0800 Exception <a 'java/security/PrivilegedActionException'> (0x000000076b0b5a20) thrown at [C:\re\workspace\8-2-build-windows-amd64-cygwin\jdk8u91\6644\hotspot\src\share\vm\prims\jvm.cpp, line 1386]
Event: 0.062 Thread 0x00000000022e0800 Exception <a 'java/security/PrivilegedActionException'> (0x000000076b0b95c8) thrown at [C:\re\workspace\8-2-build-windows-amd64-cygwin\jdk8u91\6644\hotspot\src\share\vm\prims\jvm.cpp, line 1386]
Event: 0.062 Thread 0x00000000022e0800 Exception <a 'java/security/PrivilegedActionException'> (0x000000076b0b97d8) thrown at [C:\re\workspace\8-2-build-windows-amd64-cygwin\jdk8u91\6644\hotspot\src\share\vm\prims\jvm.cpp, line 1386]

Events (10 events):
Event: 0.401 loading class org/lwjgl/util/vector/Vector done
Event: 0.402 loading class Input/Keyboard
Event: 0.402 loading class Input/Keyboard done
Event: 4.075 Executing VM operation: EnableBiasedLocking
Event: 4.075 Executing VM operation: EnableBiasedLocking done
Event: 18.649 loading class java/lang/Shutdown
Event: 18.650 loading class java/lang/Shutdown done
Event: 18.650 loading class java/lang/Shutdown$Lock
Event: 18.650 loading class java/lang/Shutdown$Lock done
Event: 18.650 Executing VM operation: Exit


Dynamic libraries:
0x00007ff6b0a40000 - 0x00007ff6b0a77000 	C:\Program Files\Java\jre1.8.0_91\bin\javaw.exe
0x00007ffbc97a0000 - 0x00007ffbc994d000 	C:\Windows\SYSTEM32\ntdll.dll
0x00007ffbc9660000 - 0x00007ffbc979e000 	C:\Windows\system32\KERNEL32.DLL
0x00007ffbc6ce0000 - 0x00007ffbc6df5000 	C:\Windows\system32\KERNELBASE.dll
0x00007ffbc54a0000 - 0x00007ffbc552e000 	C:\Windows\system32\apphelp.dll
0x00007ffbbc970000 - 0x00007ffbbc9c3000 	C:\Windows\AppPatch\AppPatch64\AcGenral.DLL
0x00007ffbc72c0000 - 0x00007ffbc736a000 	C:\Windows\system32\msvcrt.dll
0x00007ffbc6e00000 - 0x00007ffbc6e2e000 	C:\Windows\system32\SspiCli.dll
0x00007ffbc6e90000 - 0x00007ffbc6ee4000 	C:\Windows\system32\SHLWAPI.dll
0x00007ffbc6fc0000 - 0x00007ffbc7137000 	C:\Windows\system32\USER32.dll
0x00007ffbc8f30000 - 0x00007ffbc90c4000 	C:\Windows\system32\ole32.dll
0x00007ffbc78a0000 - 0x00007ffbc8dca000 	C:\Windows\system32\SHELL32.dll
0x00007ffbc5f00000 - 0x00007ffbc5f21000 	C:\Windows\SYSTEM32\USERENV.dll
0x00007ffbc7430000 - 0x00007ffbc74da000 	C:\Windows\system32\ADVAPI32.dll
0x00007ffbbbb70000 - 0x00007ffbbbb8e000 	C:\Windows\SYSTEM32\MPR.dll
0x00007ffbc7540000 - 0x00007ffbc7680000 	C:\Windows\system32\RPCRT4.dll
0x00007ffbc6e30000 - 0x00007ffbc6e89000 	C:\Windows\SYSTEM32\sechost.dll
0x00007ffbc93e0000 - 0x00007ffbc95f1000 	C:\Windows\SYSTEM32\combase.dll
0x00007ffbc7150000 - 0x00007ffbc72a0000 	C:\Windows\system32\GDI32.dll
0x00007ffbc68d0000 - 0x00007ffbc68e5000 	C:\Windows\SYSTEM32\profapi.dll
0x00007ffbc4e20000 - 0x00007ffbc4ed2000 	C:\Windows\SYSTEM32\SHCORE.dll
0x00007ffbc7680000 - 0x00007ffbc76b6000 	C:\Windows\system32\IMM32.DLL
0x00007ffbc8dd0000 - 0x00007ffbc8f22000 	C:\Windows\system32\MSCTF.dll
0x00007ffbc4540000 - 0x00007ffbc47bb000 	C:\Windows\WinSxS\amd64_microsoft.windows.common-controls_6595b64144ccf1df_6.0.9600.18006_none_623f33d3ecbe86e8\COMCTL32.dll
0x0000000073300000 - 0x00000000733d2000 	C:\Program Files\Java\jre1.8.0_91\bin\msvcr100.dll
0x00000000734c0000 - 0x0000000073d53000 	C:\Program Files\Java\jre1.8.0_91\bin\server\jvm.dll
0x00007ffbb3bd0000 - 0x00007ffbb3bd9000 	C:\Windows\SYSTEM32\WSOCK32.dll
0x00007ffbc4120000 - 0x00007ffbc4142000 	C:\Windows\SYSTEM32\WINMM.dll
0x00007ffbc4150000 - 0x00007ffbc415a000 	C:\Windows\SYSTEM32\VERSION.dll
0x00007ffbc6fb0000 - 0x00007ffbc6fb7000 	C:\Windows\system32\PSAPI.DLL
0x00007ffbc74e0000 - 0x00007ffbc753a000 	C:\Windows\system32\WS2_32.dll
0x00007ffbc40f0000 - 0x00007ffbc411a000 	C:\Windows\SYSTEM32\WINMMBASE.dll
0x00007ffbc7140000 - 0x00007ffbc7149000 	C:\Windows\system32\NSI.dll
0x00007ffbc6a50000 - 0x00007ffbc6a9f000 	C:\Windows\SYSTEM32\cfgmgr32.dll
0x00007ffbc5700000 - 0x00007ffbc5728000 	C:\Windows\SYSTEM32\DEVOBJ.dll
0x00000000734b0000 - 0x00000000734bf000 	C:\Program Files\Java\jre1.8.0_91\bin\verify.dll
0x0000000073480000 - 0x00000000734a9000 	C:\Program Files\Java\jre1.8.0_91\bin\java.dll
0x0000000073460000 - 0x0000000073476000 	C:\Program Files\Java\jre1.8.0_91\bin\zip.dll
0x00007ffbbc4b0000 - 0x00007ffbbc538000 	C:\Users\Karoc\Dropbox\workspace_pluto\LWJGL_Test\NewTry\lib\native\lwjgl.dll
0x00007ffbc6810000 - 0x00007ffbc681b000 	C:\Windows\SYSTEM32\CRYPTBASE.DLL
0x00007ffbc67a0000 - 0x00007ffbc6803000 	C:\Windows\SYSTEM32\bcryptPrimitives.dll
0x00007ffbbc890000 - 0x00007ffbbc8d2000 	C:\Users\Karoc\Dropbox\workspace_pluto\LWJGL_Test\NewTry\lib\native\jemalloc.dll
0x00007ffbbc470000 - 0x00007ffbbc4a8000 	C:\Users\Karoc\Dropbox\workspace_pluto\LWJGL_Test\NewTry\lib\native\glfw.dll
0x00007ffbc55c0000 - 0x00007ffbc56e9000 	C:\Windows\system32\uxtheme.dll
0x00007ffbc5450000 - 0x00007ffbc5471000 	C:\Windows\SYSTEM32\dwmapi.dll
0x00007ffba6470000 - 0x00007ffba659b000 	C:\Windows\SYSTEM32\opengl32.dll
0x00007ffbbc400000 - 0x00007ffbbc42e000 	C:\Windows\SYSTEM32\GLU32.dll
0x00007ffbae0d0000 - 0x00007ffbae1c8000 	C:\Windows\SYSTEM32\DDRAW.dll
0x00007ffbafbd0000 - 0x00007ffbafbd9000 	C:\Windows\SYSTEM32\DCIMAN32.dll
0x00007ffbafba0000 - 0x00007ffbafbcb000 	C:\PROGRA~2\RAPTRI~1\PlaysTV\ltc_help64-112681.dll
0x00007ffbc6aa0000 - 0x00007ffbc6af1000 	C:\Windows\system32\WINTRUST.dll
0x00007ffbc6b00000 - 0x00007ffbc6cdf000 	C:\Windows\system32\CRYPT32.dll
0x00007ffbc6980000 - 0x00007ffbc6991000 	C:\Windows\system32\MSASN1.dll
0x00007ffbbc950000 - 0x00007ffbbc968000 	C:\Windows\SYSTEM32\atig6pxx.dll
0x0000000071550000 - 0x00000000732f3000 	C:\Windows\SYSTEM32\atio6axx.dll
0x00007ffbc76c0000 - 0x00007ffbc789a000 	C:\Windows\system32\SETUPAPI.dll
0x00007ffbaeda0000 - 0x00007ffbaeee8000 	C:\Windows\SYSTEM32\atiadlxx.dll
0x00007ffbc2660000 - 0x00007ffbc27df000 	C:\Windows\SYSTEM32\PROPSYS.dll
0x00007ffbc5480000 - 0x00007ffbc5492000 	C:\Windows\SYSTEM32\WTSAPI32.dll
0x00007ffbc1bb0000 - 0x00007ffbc1bda000 	C:\Windows\SYSTEM32\IPHLPAPI.DLL
0x00007ffbc9300000 - 0x00007ffbc93c1000 	C:\Windows\system32\OLEAUT32.dll
0x00007ffbc19e0000 - 0x00007ffbc19ea000 	C:\Windows\SYSTEM32\WINNSI.DLL
0x00007ffbbc3d0000 - 0x00007ffbbc3fc000 	C:\Windows\SYSTEM32\atig6txx.dll
0x00007ffbc56f0000 - 0x00007ffbc56fb000 	C:\Windows\SYSTEM32\kernel.appcore.dll
0x00007ffbc61d0000 - 0x00007ffbc61f0000 	C:\Windows\system32\CRYPTSP.dll
0x00007ffbc5df0000 - 0x00007ffbc5e26000 	C:\Windows\system32\rsaenh.dll
0x00007ffbc6490000 - 0x00007ffbc64b6000 	C:\Windows\SYSTEM32\bcrypt.dll
0x00007ffbc72a0000 - 0x00007ffbc72b6000 	C:\Windows\system32\imagehlp.dll
0x00007ffbc6460000 - 0x00007ffbc6485000 	C:\Windows\system32\ncrypt.dll
0x00007ffbc6420000 - 0x00007ffbc6457000 	C:\Windows\system32\NTASN1.dll
0x00007ffbc5a90000 - 0x00007ffbc5ab4000 	C:\Windows\SYSTEM32\gpapi.dll
0x00007ffbb17a0000 - 0x00007ffbb17d9000 	C:\Windows\System32\cryptnet.dll
0x00007ffbc9600000 - 0x00007ffbc965c000 	C:\Windows\system32\WLDAP32.dll
0x00007ffba6240000 - 0x00007ffba6468000 	C:\PROGRA~2\RAPTRI~1\PlaysTV\ltc_game64-112681.dll
0x00007ffbbe290000 - 0x00007ffbbe419000 	C:\Windows\SYSTEM32\dbghelp.dll

VM Arguments:
jvm_args: -Djava.library.path=C:\Users\Karoc\Dropbox\workspace_pluto\LWJGL_Test\NewTry\lib\native -Dfile.encoding=Cp1252 
java_command: blockengine.Game
java_class_path (initial): C:\Users\Karoc\Dropbox\workspace_pluto\LWJGL_Test\NewTry\bin;C:\Users\Karoc\Dropbox\workspace_pluto\LWJGL_Test\NewTry\lib\jar\lwjgl_util.jar;C:\Users\Karoc\Dropbox\workspace_pluto\LWJGL_Test\NewTry\lib\jar\lwjgl.jar;C:\Users\Karoc\Dropbox\workspace_pluto\LWJGL_Test\NewTry\lib\jar\PNGDecoder.jar
Launcher Type: SUN_STANDARD

Environment Variables:
PATH=C:/Program Files/Java/jre1.8.0_91/bin/server;C:/Program Files/Java/jre1.8.0_91/bin;C:/Program Files/Java/jre1.8.0_91/lib/amd64;C:\Program Files (x86)\NVIDIA Corporation\PhysX\Common;C:\ProgramData\Oracle\Java\javapath;C:\Windows\system32;C:\Windows;C:\Windows\System32\Wbem;C:\Windows\System32\WindowsPowerShell\v1.0\;C:\Program Files (x86)\ATI Technologies\ATI.ACE\Core-Static;C:\Program Files\Calibre2\;C:\Program Files (x86)\Windows Live\Shared;C:\Program Files (x86)\nodejs\;C:\Program Files (x86)\Windows Kits\8.1\Windows Performance Toolkit\;C:\Program Files\Microsoft SQL Server\110\Tools\Binn\;C:\Program Files (x86)\Microsoft SDKs\TypeScript\1.0\;C:\Program Files\Microsoft SQL Server\120\Tools\Binn\;C:\Program Files (x86)\AMD\ATI.ACE\Core-Static;C:\Users\Karoc\AppData\Roaming\npm;C:\Users\Karoc\AppData\Local\atom\bin;C:\Program Files (x86)\Sophos\Sophos SSL VPN Client\bin;C:\Users\Karoc\AppData\Roaming\Microsoft\Windows\Start Menu\Programs\Eclipse;
USERNAME=Karoc
OS=Windows_NT
PROCESSOR_IDENTIFIER=Intel64 Family 6 Model 60 Stepping 3, GenuineIntel



---------------  S Y S T E M  ---------------

OS: Windows 8.1 , 64 bit Build 9600 (6.3.9600.17415)

CPU:total 8 (4 cores per cpu, 2 threads per core) family 6 model 60 stepping 3, cmov, cx8, fxsr, mmx, sse, sse2, sse3, ssse3, sse4.1, sse4.2, popcnt, avx, avx2, aes, clmul, erms, lzcnt, ht, tsc, tscinvbit, bmi1, bmi2

Memory: 4k page, physical 16710444k(9866248k free), swap 19200812k(8089820k free)

vm_info: Java HotSpot(TM) 64-Bit Server VM (25.91-b14) for windows-amd64 JRE (1.8.0_91-b14), built on Apr  1 2016 00:58:32 by "java_re" with MS VC++ 10.0 (VS2010)

time: Tue May 17 12:47:03 2016
elapsed time: 18 seconds (0d 0h 0m 18s)

